* Starting client
* Connecting to master process on port 2102
* Analyzing classpath: 
  - /home/ali/Desktop/jsoup-master/target/classes
  - /home/ali/.m2/repository/org/junit/jupiter/junit-jupiter/5.8.2/junit-jupiter-5.8.2.jar
  - /home/ali/.m2/repository/org/junit/jupiter/junit-jupiter-api/5.8.2/junit-jupiter-api-5.8.2.jar
  - /home/ali/.m2/repository/org/opentest4j/opentest4j/1.2.0/opentest4j-1.2.0.jar
  - /home/ali/.m2/repository/org/junit/platform/junit-platform-commons/1.8.2/junit-platform-commons-1.8.2.jar
  - /home/ali/.m2/repository/org/apiguardian/apiguardian-api/1.1.2/apiguardian-api-1.1.2.jar
  - /home/ali/.m2/repository/org/junit/jupiter/junit-jupiter-params/5.8.2/junit-jupiter-params-5.8.2.jar
  - /home/ali/.m2/repository/org/junit/jupiter/junit-jupiter-engine/5.8.2/junit-jupiter-engine-5.8.2.jar
  - /home/ali/.m2/repository/org/junit/platform/junit-platform-engine/1.8.2/junit-platform-engine-1.8.2.jar
  - /home/ali/.m2/repository/com/google/code/gson/gson/2.8.9/gson-2.8.9.jar
  - /home/ali/.m2/repository/org/eclipse/jetty/jetty-servlet/9.4.44.v20210927/jetty-servlet-9.4.44.v20210927.jar
  - /home/ali/.m2/repository/org/eclipse/jetty/jetty-security/9.4.44.v20210927/jetty-security-9.4.44.v20210927.jar
  - /home/ali/.m2/repository/org/eclipse/jetty/jetty-util-ajax/9.4.44.v20210927/jetty-util-ajax-9.4.44.v20210927.jar
  - /home/ali/.m2/repository/org/eclipse/jetty/jetty-util/9.4.44.v20210927/jetty-util-9.4.44.v20210927.jar
  - /home/ali/.m2/repository/org/eclipse/jetty/jetty-server/9.4.44.v20210927/jetty-server-9.4.44.v20210927.jar
  - /home/ali/.m2/repository/javax/servlet/javax.servlet-api/3.1.0/javax.servlet-api-3.1.0.jar
  - /home/ali/.m2/repository/org/eclipse/jetty/jetty-http/9.4.44.v20210927/jetty-http-9.4.44.v20210927.jar
  - /home/ali/.m2/repository/org/eclipse/jetty/jetty-io/9.4.44.v20210927/jetty-io-9.4.44.v20210927.jar
  - /home/ali/.m2/repository/junit/junit/4.12/junit-4.12.jar
  - /home/ali/.m2/repository/org/hamcrest/hamcrest-core/1.3/hamcrest-core-1.3.jar
  - /home/ali/.m2/repository/com/google/code/findbugs/jsr305/3.0.2/jsr305-3.0.2.jar
* Finished analyzing classpath
* Generating tests for class org.jsoup.nodes.Element
* Test criterion:
  - Branch Coverage
* Setting up search algorithm for whole suite generation
[MASTER] 23:05:40.021 [pool-2-thread-1] WARN  TestSuiteSerialization - Cannot load tests because file does not exist: /home/ali/Desktop/jsoup-master/.evosuite/evosuite-seeds/org.jsoup.nodes.Element.seed
* Loaded 0 tests from /home/ali/Desktop/jsoup-master/.evosuite/evosuite-seeds/org.jsoup.nodes.Element.seed
* Total number of test goals: 307
* Using seed 1647986724766
* Starting evolution
* Search finished after 197s and 570 generations, 269979 statements, best individual has fitness: 16.999999984106246
* Writing sequences to pool
* Minimizing test suite
* Going to analyze the coverage criteria
* Coverage analysis for criterion BRANCH
* Coverage of criterion BRANCH: 92%
* Total number of goals: 307
* Number of covered goals: 283
* Generated 85 tests with total length 266
* Resulting test suite's coverage: 92%
* Generating assertions
[MASTER] 23:09:39.437 [pool-2-thread-1] WARN  SimpleMutationAssertionGenerator - Assertion minimization is taking too long (0.7263870967741936% of time used, but only 11/85 tests minimized), falling back to using all assertions
* Resulting test suite's mutation score: 8%
* Compiling and checking tests
* Permissions denied during test execution: 
  - java.lang.RuntimePermission: 
         writeFileDescriptor: 27
* Writing JUnit test case 'Element_ESTest' to /home/ali/Desktop/jsoup-master/.evosuite/tmp_2022_03_22_23_05_20/tests
* Done!

