* Starting client
* Connecting to master process on port 13397
* Analyzing classpath: 
  - /home/ali/Desktop/jsoup-master/target/classes
  - /home/ali/.m2/repository/org/junit/jupiter/junit-jupiter/5.8.2/junit-jupiter-5.8.2.jar
  - /home/ali/.m2/repository/org/junit/jupiter/junit-jupiter-api/5.8.2/junit-jupiter-api-5.8.2.jar
  - /home/ali/.m2/repository/org/opentest4j/opentest4j/1.2.0/opentest4j-1.2.0.jar
  - /home/ali/.m2/repository/org/junit/platform/junit-platform-commons/1.8.2/junit-platform-commons-1.8.2.jar
  - /home/ali/.m2/repository/org/apiguardian/apiguardian-api/1.1.2/apiguardian-api-1.1.2.jar
  - /home/ali/.m2/repository/org/junit/jupiter/junit-jupiter-params/5.8.2/junit-jupiter-params-5.8.2.jar
  - /home/ali/.m2/repository/org/junit/jupiter/junit-jupiter-engine/5.8.2/junit-jupiter-engine-5.8.2.jar
  - /home/ali/.m2/repository/org/junit/platform/junit-platform-engine/1.8.2/junit-platform-engine-1.8.2.jar
  - /home/ali/.m2/repository/com/google/code/gson/gson/2.8.9/gson-2.8.9.jar
  - /home/ali/.m2/repository/org/eclipse/jetty/jetty-servlet/9.4.44.v20210927/jetty-servlet-9.4.44.v20210927.jar
  - /home/ali/.m2/repository/org/eclipse/jetty/jetty-security/9.4.44.v20210927/jetty-security-9.4.44.v20210927.jar
  - /home/ali/.m2/repository/org/eclipse/jetty/jetty-util-ajax/9.4.44.v20210927/jetty-util-ajax-9.4.44.v20210927.jar
  - /home/ali/.m2/repository/org/eclipse/jetty/jetty-util/9.4.44.v20210927/jetty-util-9.4.44.v20210927.jar
  - /home/ali/.m2/repository/org/eclipse/jetty/jetty-server/9.4.44.v20210927/jetty-server-9.4.44.v20210927.jar
  - /home/ali/.m2/repository/javax/servlet/javax.servlet-api/3.1.0/javax.servlet-api-3.1.0.jar
  - /home/ali/.m2/repository/org/eclipse/jetty/jetty-http/9.4.44.v20210927/jetty-http-9.4.44.v20210927.jar
  - /home/ali/.m2/repository/org/eclipse/jetty/jetty-io/9.4.44.v20210927/jetty-io-9.4.44.v20210927.jar
  - /home/ali/.m2/repository/junit/junit/4.12/junit-4.12.jar
  - /home/ali/.m2/repository/org/hamcrest/hamcrest-core/1.3/hamcrest-core-1.3.jar
  - /home/ali/.m2/repository/com/google/code/findbugs/jsr305/3.0.2/jsr305-3.0.2.jar
* Finished analyzing classpath
* Generating tests for class org.jsoup.select.Evaluator
* Test criterion:
  - Branch Coverage
* Setting up search algorithm for whole suite generation
[MASTER] 23:18:49.554 [pool-2-thread-1] WARN  TestSuiteSerialization - Cannot load tests because file does not exist: /home/ali/Desktop/jsoup-master/.evosuite/evosuite-seeds/org.jsoup.select.Evaluator.seed
* Loaded 0 tests from /home/ali/Desktop/jsoup-master/.evosuite/evosuite-seeds/org.jsoup.select.Evaluator.seed
* Total number of test goals: 197
* Using seed 1647987519680
* Starting evolution
[MASTER] 23:18:49.736 [pool-2-thread-1] WARN  TimeController - Phase INITIALIZATION lasted too long, 4 seconds more than allowed.
* Search finished after 34s and 14 generations, 9737 statements, best individual has fitness: 38.977968928480976
* Writing sequences to pool
[MASTER] 23:19:24.535 [pool-2-thread-1] WARN  TimeController - Phase SEARCH lasted too long, 4 seconds more than allowed.
* Minimizing test suite
[MASTER] 23:19:29.795 [pool-2-thread-1] WARN  TestSuiteMinimizer - Minimization timeout. Roll back to original test suite
* Going to analyze the coverage criteria
* Coverage analysis for criterion BRANCH
* Coverage of criterion BRANCH: 76%
* Total number of goals: 197
* Number of covered goals: 149
* Generated 70 tests with total length 1078
* Resulting test suite's coverage: 76%
* Generating assertions
[MASTER] 23:19:34.918 [pool-2-thread-1] WARN  SimpleMutationAssertionGenerator - Assertion minimization is taking too long (0.9748% of time used, but only 1/70 tests minimized), falling back to using all assertions
[MASTER] 23:19:35.060 [pool-2-thread-1] WARN  SimpleMutationAssertionGenerator - Reached maximum time to generate assertions, aborting assertion generation
* Resulting test suite's mutation score: 7%
* Compiling and checking tests
[MASTER] 23:19:37.166 [pool-2-thread-1] WARN  TimeController - Current phase WRITING_TESTS could run up to 5s, but only 3s are left
* Writing JUnit test case 'Evaluator_ESTest' to /home/ali/Desktop/jsoup-master/.evosuite/tmp_2022_03_22_23_05_20/tests
* Done!

